<?xml version="1.0" encoding="UTF-8"?>
<testsuite xmlns:xsi="http://www.w3.org/2001/XMLSchema-instance" xsi:noNamespaceSchemaLocation="https://maven.apache.org/surefire/maven-surefire-plugin/xsd/surefire-test-report.xsd" name="com.vipwriters.LoginTest" time="89.316" tests="2" errors="0" skipped="0" failures="2">
  <properties>
    <property name="sun.desktop" value="windows"/>
    <property name="awt.toolkit" value="sun.awt.windows.WToolkit"/>
    <property name="java.specification.version" value="9"/>
    <property name="file.encoding.pkg" value="sun.io"/>
    <property name="webdriver.chrome.driver" value="C://Programms/chromedriver.exe"/>
    <property name="sun.cpu.isalist" value="amd64"/>
    <property name="sun.jnu.encoding" value="Cp1252"/>
    <property name="java.class.path" value="C:\Programms\GitHub\TestWriter\TestWriter\target\test-classes;C:\Programms\GitHub\TestWriter\TestWriter\target\classes;C:\Users\dmytr\.m2\repository\ru\yandex\qatools\allure\allure-report-builder\2.3\allure-report-builder-2.3.jar;C:\Users\dmytr\.m2\repository\ru\yandex\qatools\clay\clay-aether\2.3\clay-aether-2.3.jar;C:\Users\dmytr\.m2\repository\org\eclipse\aether\aether-api\1.0.0.v20140518\aether-api-1.0.0.v20140518.jar;C:\Users\dmytr\.m2\repository\org\eclipse\aether\aether-util\1.0.0.v20140518\aether-util-1.0.0.v20140518.jar;C:\Users\dmytr\.m2\repository\org\eclipse\aether\aether-impl\1.0.0.v20140518\aether-impl-1.0.0.v20140518.jar;C:\Users\dmytr\.m2\repository\org\eclipse\aether\aether-spi\1.0.0.v20140518\aether-spi-1.0.0.v20140518.jar;C:\Users\dmytr\.m2\repository\org\eclipse\aether\aether-connector-basic\1.0.0.v20140518\aether-connector-basic-1.0.0.v20140518.jar;C:\Users\dmytr\.m2\repository\org\eclipse\aether\aether-transport-file\1.0.0.v20140518\aether-transport-file-1.0.0.v20140518.jar;C:\Users\dmytr\.m2\repository\org\eclipse\aether\aether-transport-http\1.0.0.v20140518\aether-transport-http-1.0.0.v20140518.jar;C:\Users\dmytr\.m2\repository\org\slf4j\jcl-over-slf4j\1.6.2\jcl-over-slf4j-1.6.2.jar;C:\Users\dmytr\.m2\repository\org\eclipse\aether\aether-transport-wagon\1.0.0.v20140518\aether-transport-wagon-1.0.0.v20140518.jar;C:\Users\dmytr\.m2\repository\org\apache\maven\maven-aether-provider\3.1.0\maven-aether-provider-3.1.0.jar;C:\Users\dmytr\.m2\repository\org\apache\maven\wagon\wagon-ssh\2.6\wagon-ssh-2.6.jar;C:\Users\dmytr\.m2\repository\com\jcraft\jsch\0.1.50\jsch-0.1.50.jar;C:\Users\dmytr\.m2\repository\com\jcraft\jsch.agentproxy.connector-factory\0.0.6\jsch.agentproxy.connector-factory-0.0.6.jar;C:\Users\dmytr\.m2\repository\com\jcraft\jsch.agentproxy.core\0.0.6\jsch.agentproxy.core-0.0.6.jar;C:\Users\dmytr\.m2\repository\com\jcraft\jsch.agentproxy.usocket-jna\0.0.6\jsch.agentproxy.usocket-jna-0.0.6.jar;C:\Users\dmytr\.m2\repository\net\java\dev\jna\jna\3.4.0\jna-3.4.0.jar;C:\Users\dmytr\.m2\repository\net\java\dev\jna\platform\3.4.0\platform-3.4.0.jar;C:\Users\dmytr\.m2\repository\com\jcraft\jsch.agentproxy.usocket-nc\0.0.6\jsch.agentproxy.usocket-nc-0.0.6.jar;C:\Users\dmytr\.m2\repository\com\jcraft\jsch.agentproxy.sshagent\0.0.6\jsch.agentproxy.sshagent-0.0.6.jar;C:\Users\dmytr\.m2\repository\com\jcraft\jsch.agentproxy.pageant\0.0.6\jsch.agentproxy.pageant-0.0.6.jar;C:\Users\dmytr\.m2\repository\com\jcraft\jsch.agentproxy.jsch\0.0.6\jsch.agentproxy.jsch-0.0.6.jar;C:\Users\dmytr\.m2\repository\org\apache\maven\wagon\wagon-ssh-common\2.6\wagon-ssh-common-2.6.jar;C:\Users\dmytr\.m2\repository\org\codehaus\plexus\plexus-interactivity-api\1.0-alpha-6\plexus-interactivity-api-1.0-alpha-6.jar;C:\Users\dmytr\.m2\repository\org\apache\maven\wagon\wagon-file\2.6\wagon-file-2.6.jar;C:\Users\dmytr\.m2\repository\org\apache\maven\wagon\wagon-http\2.6\wagon-http-2.6.jar;C:\Users\dmytr\.m2\repository\org\apache\maven\wagon\wagon-http-shared\2.6\wagon-http-shared-2.6.jar;C:\Users\dmytr\.m2\repository\org\jsoup\jsoup\1.7.2\jsoup-1.7.2.jar;C:\Users\dmytr\.m2\repository\org\apache\maven\wagon\wagon-http-lightweight\2.6\wagon-http-lightweight-2.6.jar;C:\Users\dmytr\.m2\repository\ru\yandex\qatools\clay\clay-maven-settings-builder\2.3\clay-maven-settings-builder-2.3.jar;C:\Users\dmytr\.m2\repository\ru\yandex\qatools\clay\clay-utils\2.3\clay-utils-2.3.jar;C:\Users\dmytr\.m2\repository\org\apache\commons\commons-lang3\3.3.2\commons-lang3-3.3.2.jar;C:\Users\dmytr\.m2\repository\org\slf4j\slf4j-log4j12\1.7.5\slf4j-log4j12-1.7.5.jar;C:\Users\dmytr\.m2\repository\net\sourceforge\jtds\jtds\1.3.1\jtds-1.3.1.jar;C:\Users\dmytr\.m2\repository\commons-io\commons-io\2.5\commons-io-2.5.jar;C:\Users\dmytr\.m2\repository\org\seleniumhq\selenium\selenium-firefox-driver\3.12.0\selenium-firefox-driver-3.12.0.jar;C:\Users\dmytr\.m2\repository\org\seleniumhq\selenium\selenium-api\3.12.0\selenium-api-3.12.0.jar;C:\Users\dmytr\.m2\repository\org\seleniumhq\selenium\selenium-remote-driver\3.12.0\selenium-remote-driver-3.12.0.jar;C:\Users\dmytr\.m2\repository\net\bytebuddy\byte-buddy\1.8.3\byte-buddy-1.8.3.jar;C:\Users\dmytr\.m2\repository\org\apache\commons\commons-exec\1.3\commons-exec-1.3.jar;C:\Users\dmytr\.m2\repository\commons-codec\commons-codec\1.10\commons-codec-1.10.jar;C:\Users\dmytr\.m2\repository\commons-logging\commons-logging\1.2\commons-logging-1.2.jar;C:\Users\dmytr\.m2\repository\com\google\code\gson\gson\2.8.2\gson-2.8.2.jar;C:\Users\dmytr\.m2\repository\com\google\guava\guava\23.6-jre\guava-23.6-jre.jar;C:\Users\dmytr\.m2\repository\com\google\code\findbugs\jsr305\1.3.9\jsr305-1.3.9.jar;C:\Users\dmytr\.m2\repository\org\checkerframework\checker-compat-qual\2.0.0\checker-compat-qual-2.0.0.jar;C:\Users\dmytr\.m2\repository\com\google\errorprone\error_prone_annotations\2.1.3\error_prone_annotations-2.1.3.jar;C:\Users\dmytr\.m2\repository\com\google\j2objc\j2objc-annotations\1.1\j2objc-annotations-1.1.jar;C:\Users\dmytr\.m2\repository\org\codehaus\mojo\animal-sniffer-annotations\1.14\animal-sniffer-annotations-1.14.jar;C:\Users\dmytr\.m2\repository\org\apache\httpcomponents\httpclient\4.5.3\httpclient-4.5.3.jar;C:\Users\dmytr\.m2\repository\org\apache\httpcomponents\httpcore\4.4.6\httpcore-4.4.6.jar;C:\Users\dmytr\.m2\repository\com\squareup\okhttp3\okhttp\3.9.1\okhttp-3.9.1.jar;C:\Users\dmytr\.m2\repository\com\squareup\okio\okio\1.13.0\okio-1.13.0.jar;C:\Users\dmytr\.m2\repository\org\springframework\boot\spring-boot-starter-test\2.1.0.RELEASE\spring-boot-starter-test-2.1.0.RELEASE.jar;C:\Users\dmytr\.m2\repository\org\springframework\boot\spring-boot-starter\2.1.0.RELEASE\spring-boot-starter-2.1.0.RELEASE.jar;C:\Users\dmytr\.m2\repository\org\springframework\boot\spring-boot\2.1.0.RELEASE\spring-boot-2.1.0.RELEASE.jar;C:\Users\dmytr\.m2\repository\org\springframework\boot\spring-boot-autoconfigure\2.1.0.RELEASE\spring-boot-autoconfigure-2.1.0.RELEASE.jar;C:\Users\dmytr\.m2\repository\org\springframework\boot\spring-boot-starter-logging\2.1.0.RELEASE\spring-boot-starter-logging-2.1.0.RELEASE.jar;C:\Users\dmytr\.m2\repository\ch\qos\logback\logback-classic\1.2.3\logback-classic-1.2.3.jar;C:\Users\dmytr\.m2\repository\ch\qos\logback\logback-core\1.2.3\logback-core-1.2.3.jar;C:\Users\dmytr\.m2\repository\org\apache\logging\log4j\log4j-to-slf4j\2.11.1\log4j-to-slf4j-2.11.1.jar;C:\Users\dmytr\.m2\repository\org\slf4j\jul-to-slf4j\1.7.25\jul-to-slf4j-1.7.25.jar;C:\Users\dmytr\.m2\repository\javax\annotation\javax.annotation-api\1.3.2\javax.annotation-api-1.3.2.jar;C:\Users\dmytr\.m2\repository\org\yaml\snakeyaml\1.23\snakeyaml-1.23.jar;C:\Users\dmytr\.m2\repository\org\springframework\boot\spring-boot-test\2.1.0.RELEASE\spring-boot-test-2.1.0.RELEASE.jar;C:\Users\dmytr\.m2\repository\org\springframework\boot\spring-boot-test-autoconfigure\2.1.0.RELEASE\spring-boot-test-autoconfigure-2.1.0.RELEASE.jar;C:\Users\dmytr\.m2\repository\com\jayway\jsonpath\json-path\2.4.0\json-path-2.4.0.jar;C:\Users\dmytr\.m2\repository\net\minidev\json-smart\2.3\json-smart-2.3.jar;C:\Users\dmytr\.m2\repository\net\minidev\accessors-smart\1.2\accessors-smart-1.2.jar;C:\Users\dmytr\.m2\repository\org\ow2\asm\asm\5.0.4\asm-5.0.4.jar;C:\Users\dmytr\.m2\repository\org\assertj\assertj-core\3.11.1\assertj-core-3.11.1.jar;C:\Users\dmytr\.m2\repository\org\mockito\mockito-core\2.23.0\mockito-core-2.23.0.jar;C:\Users\dmytr\.m2\repository\net\bytebuddy\byte-buddy-agent\1.9.0\byte-buddy-agent-1.9.0.jar;C:\Users\dmytr\.m2\repository\org\objenesis\objenesis\2.6\objenesis-2.6.jar;C:\Users\dmytr\.m2\repository\org\hamcrest\hamcrest-core\1.3\hamcrest-core-1.3.jar;C:\Users\dmytr\.m2\repository\org\hamcrest\hamcrest-library\1.3\hamcrest-library-1.3.jar;C:\Users\dmytr\.m2\repository\org\skyscreamer\jsonassert\1.5.0\jsonassert-1.5.0.jar;C:\Users\dmytr\.m2\repository\com\vaadin\external\google\android-json\0.0.20131108.vaadin1\android-json-0.0.20131108.vaadin1.jar;C:\Users\dmytr\.m2\repository\org\springframework\spring-core\5.1.2.RELEASE\spring-core-5.1.2.RELEASE.jar;C:\Users\dmytr\.m2\repository\org\springframework\spring-jcl\5.1.2.RELEASE\spring-jcl-5.1.2.RELEASE.jar;C:\Users\dmytr\.m2\repository\org\springframework\spring-test\5.1.2.RELEASE\spring-test-5.1.2.RELEASE.jar;C:\Users\dmytr\.m2\repository\org\xmlunit\xmlunit-core\2.6.2\xmlunit-core-2.6.2.jar;C:\Users\dmytr\.m2\repository\javax\xml\bind\jaxb-api\2.3.0\jaxb-api-2.3.0.jar;C:\Users\dmytr\.m2\repository\org\springframework\spring-context\4.3.2.RELEASE\spring-context-4.3.2.RELEASE.jar;C:\Users\dmytr\.m2\repository\org\springframework\spring-aop\4.3.2.RELEASE\spring-aop-4.3.2.RELEASE.jar;C:\Users\dmytr\.m2\repository\org\springframework\spring-expression\4.3.2.RELEASE\spring-expression-4.3.2.RELEASE.jar;C:\Users\dmytr\.m2\repository\org\aspectj\aspectjweaver\1.6.5\aspectjweaver-1.6.5.jar;C:\Users\dmytr\.m2\repository\org\springframework\spring-beans\4.3.2.RELEASE\spring-beans-4.3.2.RELEASE.jar;C:\Users\dmytr\.m2\repository\org\apache\logging\log4j\log4j-core\2.6.2\log4j-core-2.6.2.jar;C:\Users\dmytr\.m2\repository\org\apache\logging\log4j\log4j-api\2.6.2\log4j-api-2.6.2.jar;C:\Users\dmytr\.m2\repository\junit\junit\4.12\junit-4.12.jar;C:\Users\dmytr\.m2\repository\com\fasterxml\jackson\core\jackson-databind\2.0.2\jackson-databind-2.0.2.jar;C:\Users\dmytr\.m2\repository\com\fasterxml\jackson\core\jackson-annotations\2.0.2\jackson-annotations-2.0.2.jar;C:\Users\dmytr\.m2\repository\com\fasterxml\jackson\core\jackson-core\2.0.2\jackson-core-2.0.2.jar;C:\Users\dmytr\.m2\repository\org\apache\maven\plugins\maven-surefire-report-plugin\2.19.1\maven-surefire-report-plugin-2.19.1.jar;C:\Users\dmytr\.m2\repository\org\apache\maven\maven-project\2.2.1\maven-project-2.2.1.jar;C:\Users\dmytr\.m2\repository\org\apache\maven\maven-settings\2.2.1\maven-settings-2.2.1.jar;C:\Users\dmytr\.m2\repository\org\apache\maven\maven-profile\2.2.1\maven-profile-2.2.1.jar;C:\Users\dmytr\.m2\repository\org\apache\maven\maven-artifact-manager\2.2.1\maven-artifact-manager-2.2.1.jar;C:\Users\dmytr\.m2\repository\backport-util-concurrent\backport-util-concurrent\3.1\backport-util-concurrent-3.1.jar;C:\Users\dmytr\.m2\repository\org\apache\maven\maven-plugin-registry\2.2.1\maven-plugin-registry-2.2.1.jar;C:\Users\dmytr\.m2\repository\org\codehaus\plexus\plexus-interpolation\1.11\plexus-interpolation-1.11.jar;C:\Users\dmytr\.m2\repository\org\codehaus\plexus\plexus-container-default\1.0-alpha-9-stable-1\plexus-container-default-1.0-alpha-9-stable-1.jar;C:\Users\dmytr\.m2\repository\classworlds\classworlds\1.1-alpha-2\classworlds-1.1-alpha-2.jar;C:\Users\dmytr\.m2\repository\org\apache\maven\maven-model\2.2.1\maven-model-2.2.1.jar;C:\Users\dmytr\.m2\repository\org\apache\maven\maven-plugin-api\2.2.1\maven-plugin-api-2.2.1.jar;C:\Users\dmytr\.m2\repository\org\apache\maven\surefire\surefire-report-parser\2.19.1\surefire-report-parser-2.19.1.jar;C:\Users\dmytr\.m2\repository\org\apache\maven\reporting\maven-reporting-api\3.0\maven-reporting-api-3.0.jar;C:\Users\dmytr\.m2\repository\org\apache\maven\reporting\maven-reporting-impl\2.4\maven-reporting-impl-2.4.jar;C:\Users\dmytr\.m2\repository\org\apache\maven\doxia\doxia-core\1.6\doxia-core-1.6.jar;C:\Users\dmytr\.m2\repository\xerces\xercesImpl\2.9.1\xercesImpl-2.9.1.jar;C:\Users\dmytr\.m2\repository\xmlunit\xmlunit\1.5\xmlunit-1.5.jar;C:\Users\dmytr\.m2\repository\commons-validator\commons-validator\1.4.1\commons-validator-1.4.1.jar;C:\Users\dmytr\.m2\repository\commons-digester\commons-digester\1.8.1\commons-digester-1.8.1.jar;C:\Users\dmytr\.m2\repository\org\apache\maven\doxia\doxia-sink-api\1.6\doxia-sink-api-1.6.jar;C:\Users\dmytr\.m2\repository\org\apache\maven\doxia\doxia-logging-api\1.6\doxia-logging-api-1.6.jar;C:\Users\dmytr\.m2\repository\org\apache\maven\doxia\doxia-site-renderer\1.6\doxia-site-renderer-1.6.jar;C:\Users\dmytr\.m2\repository\org\apache\maven\doxia\doxia-decoration-model\1.6\doxia-decoration-model-1.6.jar;C:\Users\dmytr\.m2\repository\org\apache\maven\doxia\doxia-module-xhtml\1.6\doxia-module-xhtml-1.6.jar;C:\Users\dmytr\.m2\repository\org\apache\maven\doxia\doxia-module-fml\1.6\doxia-module-fml-1.6.jar;C:\Users\dmytr\.m2\repository\org\codehaus\plexus\plexus-i18n\1.0-beta-7\plexus-i18n-1.0-beta-7.jar;C:\Users\dmytr\.m2\repository\org\codehaus\plexus\plexus-velocity\1.1.7\plexus-velocity-1.1.7.jar;C:\Users\dmytr\.m2\repository\org\apache\velocity\velocity-tools\2.0\velocity-tools-2.0.jar;C:\Users\dmytr\.m2\repository\commons-chain\commons-chain\1.1\commons-chain-1.1.jar;C:\Users\dmytr\.m2\repository\dom4j\dom4j\1.1\dom4j-1.1.jar;C:\Users\dmytr\.m2\repository\sslext\sslext\1.2-0\sslext-1.2-0.jar;C:\Users\dmytr\.m2\repository\org\apache\struts\struts-core\1.3.8\struts-core-1.3.8.jar;C:\Users\dmytr\.m2\repository\antlr\antlr\2.7.2\antlr-2.7.2.jar;C:\Users\dmytr\.m2\repository\org\apache\struts\struts-taglib\1.3.8\struts-taglib-1.3.8.jar;C:\Users\dmytr\.m2\repository\org\apache\struts\struts-tiles\1.3.8\struts-tiles-1.3.8.jar;C:\Users\dmytr\.m2\repository\commons-collections\commons-collections\3.2.1\commons-collections-3.2.1.jar;C:\Users\dmytr\.m2\repository\org\codehaus\plexus\plexus-component-annotations\1.5.5\plexus-component-annotations-1.5.5.jar;C:\Users\dmytr\.m2\repository\org\codehaus\plexus\plexus-utils\3.0.15\plexus-utils-3.0.15.jar;C:\Users\dmytr\.m2\repository\org\apache\maven\shared\maven-shared-utils\0.9\maven-shared-utils-0.9.jar;C:\Users\dmytr\.m2\repository\org\apache\maven\plugins\maven-surefire-plugin\2.19.1\maven-surefire-plugin-2.19.1.jar;C:\Users\dmytr\.m2\repository\org\apache\maven\surefire\maven-surefire-common\2.19.1\maven-surefire-common-2.19.1.jar;C:\Users\dmytr\.m2\repository\org\apache\maven\surefire\surefire-booter\2.19.1\surefire-booter-2.19.1.jar;C:\Users\dmytr\.m2\repository\org\apache\maven\maven-plugin-descriptor\2.2.1\maven-plugin-descriptor-2.2.1.jar;C:\Users\dmytr\.m2\repository\org\apache\maven\surefire\surefire-api\2.19.1\surefire-api-2.19.1.jar;C:\Users\dmytr\.m2\repository\org\apache\maven\maven-toolchain\2.2.1\maven-toolchain-2.2.1.jar;C:\Users\dmytr\.m2\repository\org\seleniumhq\selenium\selenium-support\3.7.1\selenium-support-3.7.1.jar;C:\Users\dmytr\.m2\repository\org\seleniumhq\selenium\selenium-chrome-driver\3.7.1\selenium-chrome-driver-3.7.1.jar;C:\Users\dmytr\.m2\repository\org\seleniumhq\selenium\selenium-ie-driver\3.7.1\selenium-ie-driver-3.7.1.jar;C:\Users\dmytr\.m2\repository\io\qameta\allure\allure-java-commons\2.8.1\allure-java-commons-2.8.1.jar;C:\Users\dmytr\.m2\repository\io\qameta\allure\allure-model\2.8.1\allure-model-2.8.1.jar;C:\Users\dmytr\.m2\repository\org\apache\tika\tika-core\1.19.1\tika-core-1.19.1.jar;C:\Users\dmytr\.m2\repository\org\aspectj\aspectjrt\1.9.1\aspectjrt-1.9.1.jar;C:\Users\dmytr\.m2\repository\org\jooq\joor-java-8\0.9.9\joor-java-8-0.9.9.jar;C:\Users\dmytr\.m2\repository\org\slf4j\slf4j-api\1.7.25\slf4j-api-1.7.25.jar;C:\Users\dmytr\.m2\repository\io\qameta\allure\allure-junit4\2.8.1\allure-junit4-2.8.1.jar;C:\Users\dmytr\.m2\repository\org\slf4j\slf4j-simple\1.7.25\slf4j-simple-1.7.25.jar;C:\Users\dmytr\.m2\repository\com\tngtech\java\junit-dataprovider\1.12.0\junit-dataprovider-1.12.0.jar;C:\Users\dmytr\.m2\repository\io\qameta\allure\allure-attachments\2.8.1\allure-attachments-2.8.1.jar;C:\Users\dmytr\.m2\repository\org\freemarker\freemarker\2.3.28\freemarker-2.3.28.jar;C:\Users\dmytr\.m2\repository\io\qameta\allure\allure-generator\2.8.1\allure-generator-2.8.1.jar;C:\Users\dmytr\.m2\repository\com\fasterxml\jackson\dataformat\jackson-dataformat-xml\2.9.6\jackson-dataformat-xml-2.9.6.jar;C:\Users\dmytr\.m2\repository\com\fasterxml\jackson\module\jackson-module-jaxb-annotations\2.9.6\jackson-module-jaxb-annotations-2.9.6.jar;C:\Users\dmytr\.m2\repository\org\codehaus\woodstox\stax2-api\3.1.4\stax2-api-3.1.4.jar;C:\Users\dmytr\.m2\repository\com\fasterxml\woodstox\woodstox-core\5.0.3\woodstox-core-5.0.3.jar;C:\Users\dmytr\.m2\repository\com\fasterxml\jackson\dataformat\jackson-dataformat-yaml\2.9.6\jackson-dataformat-yaml-2.9.6.jar;C:\Users\dmytr\.m2\repository\io\qameta\allure\allure-plugin-api\2.8.1\allure-plugin-api-2.8.1.jar;C:\Users\dmytr\.m2\repository\com\opencsv\opencsv\4.2\opencsv-4.2.jar;C:\Users\dmytr\.m2\repository\org\apache\commons\commons-text\1.3\commons-text-1.3.jar;C:\Users\dmytr\.m2\repository\org\apache\commons\commons-collections4\4.1\commons-collections4-4.1.jar;C:\Users\dmytr\.m2\repository\com\vladsch\flexmark\flexmark\0.34.8\flexmark-0.34.8.jar;C:\Users\dmytr\.m2\repository\com\vladsch\flexmark\flexmark-util\0.34.8\flexmark-util-0.34.8.jar;C:\Users\dmytr\.m2\repository\io\qameta\allure\allure2-model-api\1.0.0\allure2-model-api-1.0.0.jar;C:\Users\dmytr\.m2\repository\io\qameta\allure\allure2-model-pojo\1.0.0\allure2-model-pojo-1.0.0.jar;C:\Users\dmytr\.m2\repository\io\qameta\allure\allure2-model-jackson\1.0.0\allure2-model-jackson-1.0.0.jar;C:\Users\dmytr\.m2\repository\org\allurefw\allure1-model\1.0\allure1-model-1.0.jar;C:\Users\dmytr\.m2\repository\ru\qatools\commons\properties\2.0.RC5\properties-2.0.RC5.jar;C:\Users\dmytr\.m2\repository\com\github\baev\jaxb-utils\1.0\jaxb-utils-1.0.jar;C:\Users\dmytr\.m2\repository\io\qameta\allure\allure-maven\2.9\allure-maven-2.9.jar;C:\Users\dmytr\.m2\repository\org\apache\maven\maven-core\3.3.9\maven-core-3.3.9.jar;C:\Users\dmytr\.m2\repository\org\apache\maven\maven-settings-builder\3.3.9\maven-settings-builder-3.3.9.jar;C:\Users\dmytr\.m2\repository\org\apache\maven\maven-builder-support\3.3.9\maven-builder-support-3.3.9.jar;C:\Users\dmytr\.m2\repository\org\apache\maven\maven-repository-metadata\3.3.9\maven-repository-metadata-3.3.9.jar;C:\Users\dmytr\.m2\repository\org\apache\maven\maven-model-builder\3.3.9\maven-model-builder-3.3.9.jar;C:\Users\dmytr\.m2\repository\org\eclipse\sisu\org.eclipse.sisu.plexus\0.3.2\org.eclipse.sisu.plexus-0.3.2.jar;C:\Users\dmytr\.m2\repository\javax\enterprise\cdi-api\1.0\cdi-api-1.0.jar;C:\Users\dmytr\.m2\repository\javax\annotation\jsr250-api\1.0\jsr250-api-1.0.jar;C:\Users\dmytr\.m2\repository\org\eclipse\sisu\org.eclipse.sisu.inject\0.3.2\org.eclipse.sisu.inject-0.3.2.jar;C:\Users\dmytr\.m2\repository\com\google\inject\guice\4.0\guice-4.0-no_aop.jar;C:\Users\dmytr\.m2\repository\javax\inject\javax.inject\1\javax.inject-1.jar;C:\Users\dmytr\.m2\repository\aopalliance\aopalliance\1.0\aopalliance-1.0.jar;C:\Users\dmytr\.m2\repository\org\codehaus\plexus\plexus-classworlds\2.5.2\plexus-classworlds-2.5.2.jar;C:\Users\dmytr\.m2\repository\org\sonatype\plexus\plexus-sec-dispatcher\1.3\plexus-sec-dispatcher-1.3.jar;C:\Users\dmytr\.m2\repository\org\sonatype\plexus\plexus-cipher\1.4\plexus-cipher-1.4.jar;C:\Users\dmytr\.m2\repository\commons-beanutils\commons-beanutils\1.9.3\commons-beanutils-1.9.3.jar;C:\Users\dmytr\.m2\repository\net\lingala\zip4j\zip4j\1.3.2\zip4j-1.3.2.jar;C:\Users\dmytr\.m2\repository\ru\yandex\qatools\ashot\ashot\1.5.4\ashot-1.5.4.jar;C:\Users\dmytr\.m2\repository\org\apache\maven\plugin-tools\maven-plugin-annotations\3.6.0\maven-plugin-annotations-3.6.0.jar;C:\Users\dmytr\.m2\repository\org\apache\maven\maven-artifact\3.0\maven-artifact-3.0.jar;C:\Users\dmytr\.m2\repository\org\apache\maven\plugins\maven-jxr-plugin\2.5\maven-jxr-plugin-2.5.jar;C:\Users\dmytr\.m2\repository\org\apache\velocity\velocity\1.5\velocity-1.5.jar;C:\Users\dmytr\.m2\repository\commons-lang\commons-lang\2.1\commons-lang-2.1.jar;C:\Users\dmytr\.m2\repository\oro\oro\2.0.8\oro-2.0.8.jar;C:\Users\dmytr\.m2\repository\org\apache\maven\maven-jxr\2.5\maven-jxr-2.5.jar;C:\Users\dmytr\.m2\repository\org\apache\maven\wagon\wagon-provider-api\1.0\wagon-provider-api-1.0.jar;C:\Users\dmytr\.m2\repository\xml-apis\xml-apis\1.0.b2\xml-apis-1.0.b2.jar;C:\Users\dmytr\.m2\repository\xalan\xalan\2.7.0\xalan-2.7.0.jar;C:\Users\dmytr\.m2\repository\ru\yandex\qatools\allure\allure-maven-plugin\2.6\allure-maven-plugin-2.6.jar;C:\Users\dmytr\.m2\repository\log4j\log4j\1.2.17\log4j-1.2.17.jar;C:\Users\dmytr\.m2\repository\org\slf4j\slf4j-nop\1.7.13\slf4j-nop-1.7.13.jar;"/>
    <property name="java.vm.vendor" value="Oracle Corporation"/>
    <property name="sun.arch.data.model" value="64"/>
    <property name="webdriver.ie.driver" value="C://Programms/IEDriverServer.exe"/>
    <property name="user.variant" value=""/>
    <property name="java.vendor.url" value="http://java.oracle.com/"/>
    <property name="user.timezone" value="Europe/Helsinki"/>
    <property name="java.vm.specification.version" value="9"/>
    <property name="os.name" value="Windows 10"/>
    <property name="sun.java.launcher" value="SUN_STANDARD"/>
    <property name="user.country" value="US"/>
    <property name="sun.boot.library.path" value="C:\Program Files\Java\jdk-9.0.1\bin"/>
    <property name="sun.java.command" value="C:\Users\dmytr\AppData\Local\Temp\surefire17565378444919825256\surefirebooter6713518681169290518.jar C:\Users\dmytr\AppData\Local\Temp\surefire17565378444919825256 2019-02-14T15-14-20_278-jvmRun1 surefire7028082289138551912tmp surefire_04773565884122775162tmp"/>
    <property name="jdk.debug" value="release"/>
    <property name="surefire.test.class.path" value="C:\Programms\GitHub\TestWriter\TestWriter\target\test-classes;C:\Programms\GitHub\TestWriter\TestWriter\target\classes;C:\Users\dmytr\.m2\repository\ru\yandex\qatools\allure\allure-report-builder\2.3\allure-report-builder-2.3.jar;C:\Users\dmytr\.m2\repository\ru\yandex\qatools\clay\clay-aether\2.3\clay-aether-2.3.jar;C:\Users\dmytr\.m2\repository\org\eclipse\aether\aether-api\1.0.0.v20140518\aether-api-1.0.0.v20140518.jar;C:\Users\dmytr\.m2\repository\org\eclipse\aether\aether-util\1.0.0.v20140518\aether-util-1.0.0.v20140518.jar;C:\Users\dmytr\.m2\repository\org\eclipse\aether\aether-impl\1.0.0.v20140518\aether-impl-1.0.0.v20140518.jar;C:\Users\dmytr\.m2\repository\org\eclipse\aether\aether-spi\1.0.0.v20140518\aether-spi-1.0.0.v20140518.jar;C:\Users\dmytr\.m2\repository\org\eclipse\aether\aether-connector-basic\1.0.0.v20140518\aether-connector-basic-1.0.0.v20140518.jar;C:\Users\dmytr\.m2\repository\org\eclipse\aether\aether-transport-file\1.0.0.v20140518\aether-transport-file-1.0.0.v20140518.jar;C:\Users\dmytr\.m2\repository\org\eclipse\aether\aether-transport-http\1.0.0.v20140518\aether-transport-http-1.0.0.v20140518.jar;C:\Users\dmytr\.m2\repository\org\slf4j\jcl-over-slf4j\1.6.2\jcl-over-slf4j-1.6.2.jar;C:\Users\dmytr\.m2\repository\org\eclipse\aether\aether-transport-wagon\1.0.0.v20140518\aether-transport-wagon-1.0.0.v20140518.jar;C:\Users\dmytr\.m2\repository\org\apache\maven\maven-aether-provider\3.1.0\maven-aether-provider-3.1.0.jar;C:\Users\dmytr\.m2\repository\org\apache\maven\wagon\wagon-ssh\2.6\wagon-ssh-2.6.jar;C:\Users\dmytr\.m2\repository\com\jcraft\jsch\0.1.50\jsch-0.1.50.jar;C:\Users\dmytr\.m2\repository\com\jcraft\jsch.agentproxy.connector-factory\0.0.6\jsch.agentproxy.connector-factory-0.0.6.jar;C:\Users\dmytr\.m2\repository\com\jcraft\jsch.agentproxy.core\0.0.6\jsch.agentproxy.core-0.0.6.jar;C:\Users\dmytr\.m2\repository\com\jcraft\jsch.agentproxy.usocket-jna\0.0.6\jsch.agentproxy.usocket-jna-0.0.6.jar;C:\Users\dmytr\.m2\repository\net\java\dev\jna\jna\3.4.0\jna-3.4.0.jar;C:\Users\dmytr\.m2\repository\net\java\dev\jna\platform\3.4.0\platform-3.4.0.jar;C:\Users\dmytr\.m2\repository\com\jcraft\jsch.agentproxy.usocket-nc\0.0.6\jsch.agentproxy.usocket-nc-0.0.6.jar;C:\Users\dmytr\.m2\repository\com\jcraft\jsch.agentproxy.sshagent\0.0.6\jsch.agentproxy.sshagent-0.0.6.jar;C:\Users\dmytr\.m2\repository\com\jcraft\jsch.agentproxy.pageant\0.0.6\jsch.agentproxy.pageant-0.0.6.jar;C:\Users\dmytr\.m2\repository\com\jcraft\jsch.agentproxy.jsch\0.0.6\jsch.agentproxy.jsch-0.0.6.jar;C:\Users\dmytr\.m2\repository\org\apache\maven\wagon\wagon-ssh-common\2.6\wagon-ssh-common-2.6.jar;C:\Users\dmytr\.m2\repository\org\codehaus\plexus\plexus-interactivity-api\1.0-alpha-6\plexus-interactivity-api-1.0-alpha-6.jar;C:\Users\dmytr\.m2\repository\org\apache\maven\wagon\wagon-file\2.6\wagon-file-2.6.jar;C:\Users\dmytr\.m2\repository\org\apache\maven\wagon\wagon-http\2.6\wagon-http-2.6.jar;C:\Users\dmytr\.m2\repository\org\apache\maven\wagon\wagon-http-shared\2.6\wagon-http-shared-2.6.jar;C:\Users\dmytr\.m2\repository\org\jsoup\jsoup\1.7.2\jsoup-1.7.2.jar;C:\Users\dmytr\.m2\repository\org\apache\maven\wagon\wagon-http-lightweight\2.6\wagon-http-lightweight-2.6.jar;C:\Users\dmytr\.m2\repository\ru\yandex\qatools\clay\clay-maven-settings-builder\2.3\clay-maven-settings-builder-2.3.jar;C:\Users\dmytr\.m2\repository\ru\yandex\qatools\clay\clay-utils\2.3\clay-utils-2.3.jar;C:\Users\dmytr\.m2\repository\org\apache\commons\commons-lang3\3.3.2\commons-lang3-3.3.2.jar;C:\Users\dmytr\.m2\repository\org\slf4j\slf4j-log4j12\1.7.5\slf4j-log4j12-1.7.5.jar;C:\Users\dmytr\.m2\repository\net\sourceforge\jtds\jtds\1.3.1\jtds-1.3.1.jar;C:\Users\dmytr\.m2\repository\commons-io\commons-io\2.5\commons-io-2.5.jar;C:\Users\dmytr\.m2\repository\org\seleniumhq\selenium\selenium-firefox-driver\3.12.0\selenium-firefox-driver-3.12.0.jar;C:\Users\dmytr\.m2\repository\org\seleniumhq\selenium\selenium-api\3.12.0\selenium-api-3.12.0.jar;C:\Users\dmytr\.m2\repository\org\seleniumhq\selenium\selenium-remote-driver\3.12.0\selenium-remote-driver-3.12.0.jar;C:\Users\dmytr\.m2\repository\net\bytebuddy\byte-buddy\1.8.3\byte-buddy-1.8.3.jar;C:\Users\dmytr\.m2\repository\org\apache\commons\commons-exec\1.3\commons-exec-1.3.jar;C:\Users\dmytr\.m2\repository\commons-codec\commons-codec\1.10\commons-codec-1.10.jar;C:\Users\dmytr\.m2\repository\commons-logging\commons-logging\1.2\commons-logging-1.2.jar;C:\Users\dmytr\.m2\repository\com\google\code\gson\gson\2.8.2\gson-2.8.2.jar;C:\Users\dmytr\.m2\repository\com\google\guava\guava\23.6-jre\guava-23.6-jre.jar;C:\Users\dmytr\.m2\repository\com\google\code\findbugs\jsr305\1.3.9\jsr305-1.3.9.jar;C:\Users\dmytr\.m2\repository\org\checkerframework\checker-compat-qual\2.0.0\checker-compat-qual-2.0.0.jar;C:\Users\dmytr\.m2\repository\com\google\errorprone\error_prone_annotations\2.1.3\error_prone_annotations-2.1.3.jar;C:\Users\dmytr\.m2\repository\com\google\j2objc\j2objc-annotations\1.1\j2objc-annotations-1.1.jar;C:\Users\dmytr\.m2\repository\org\codehaus\mojo\animal-sniffer-annotations\1.14\animal-sniffer-annotations-1.14.jar;C:\Users\dmytr\.m2\repository\org\apache\httpcomponents\httpclient\4.5.3\httpclient-4.5.3.jar;C:\Users\dmytr\.m2\repository\org\apache\httpcomponents\httpcore\4.4.6\httpcore-4.4.6.jar;C:\Users\dmytr\.m2\repository\com\squareup\okhttp3\okhttp\3.9.1\okhttp-3.9.1.jar;C:\Users\dmytr\.m2\repository\com\squareup\okio\okio\1.13.0\okio-1.13.0.jar;C:\Users\dmytr\.m2\repository\org\springframework\boot\spring-boot-starter-test\2.1.0.RELEASE\spring-boot-starter-test-2.1.0.RELEASE.jar;C:\Users\dmytr\.m2\repository\org\springframework\boot\spring-boot-starter\2.1.0.RELEASE\spring-boot-starter-2.1.0.RELEASE.jar;C:\Users\dmytr\.m2\repository\org\springframework\boot\spring-boot\2.1.0.RELEASE\spring-boot-2.1.0.RELEASE.jar;C:\Users\dmytr\.m2\repository\org\springframework\boot\spring-boot-autoconfigure\2.1.0.RELEASE\spring-boot-autoconfigure-2.1.0.RELEASE.jar;C:\Users\dmytr\.m2\repository\org\springframework\boot\spring-boot-starter-logging\2.1.0.RELEASE\spring-boot-starter-logging-2.1.0.RELEASE.jar;C:\Users\dmytr\.m2\repository\ch\qos\logback\logback-classic\1.2.3\logback-classic-1.2.3.jar;C:\Users\dmytr\.m2\repository\ch\qos\logback\logback-core\1.2.3\logback-core-1.2.3.jar;C:\Users\dmytr\.m2\repository\org\apache\logging\log4j\log4j-to-slf4j\2.11.1\log4j-to-slf4j-2.11.1.jar;C:\Users\dmytr\.m2\repository\org\slf4j\jul-to-slf4j\1.7.25\jul-to-slf4j-1.7.25.jar;C:\Users\dmytr\.m2\repository\javax\annotation\javax.annotation-api\1.3.2\javax.annotation-api-1.3.2.jar;C:\Users\dmytr\.m2\repository\org\yaml\snakeyaml\1.23\snakeyaml-1.23.jar;C:\Users\dmytr\.m2\repository\org\springframework\boot\spring-boot-test\2.1.0.RELEASE\spring-boot-test-2.1.0.RELEASE.jar;C:\Users\dmytr\.m2\repository\org\springframework\boot\spring-boot-test-autoconfigure\2.1.0.RELEASE\spring-boot-test-autoconfigure-2.1.0.RELEASE.jar;C:\Users\dmytr\.m2\repository\com\jayway\jsonpath\json-path\2.4.0\json-path-2.4.0.jar;C:\Users\dmytr\.m2\repository\net\minidev\json-smart\2.3\json-smart-2.3.jar;C:\Users\dmytr\.m2\repository\net\minidev\accessors-smart\1.2\accessors-smart-1.2.jar;C:\Users\dmytr\.m2\repository\org\ow2\asm\asm\5.0.4\asm-5.0.4.jar;C:\Users\dmytr\.m2\repository\org\assertj\assertj-core\3.11.1\assertj-core-3.11.1.jar;C:\Users\dmytr\.m2\repository\org\mockito\mockito-core\2.23.0\mockito-core-2.23.0.jar;C:\Users\dmytr\.m2\repository\net\bytebuddy\byte-buddy-agent\1.9.0\byte-buddy-agent-1.9.0.jar;C:\Users\dmytr\.m2\repository\org\objenesis\objenesis\2.6\objenesis-2.6.jar;C:\Users\dmytr\.m2\repository\org\hamcrest\hamcrest-core\1.3\hamcrest-core-1.3.jar;C:\Users\dmytr\.m2\repository\org\hamcrest\hamcrest-library\1.3\hamcrest-library-1.3.jar;C:\Users\dmytr\.m2\repository\org\skyscreamer\jsonassert\1.5.0\jsonassert-1.5.0.jar;C:\Users\dmytr\.m2\repository\com\vaadin\external\google\android-json\0.0.20131108.vaadin1\android-json-0.0.20131108.vaadin1.jar;C:\Users\dmytr\.m2\repository\org\springframework\spring-core\5.1.2.RELEASE\spring-core-5.1.2.RELEASE.jar;C:\Users\dmytr\.m2\repository\org\springframework\spring-jcl\5.1.2.RELEASE\spring-jcl-5.1.2.RELEASE.jar;C:\Users\dmytr\.m2\repository\org\springframework\spring-test\5.1.2.RELEASE\spring-test-5.1.2.RELEASE.jar;C:\Users\dmytr\.m2\repository\org\xmlunit\xmlunit-core\2.6.2\xmlunit-core-2.6.2.jar;C:\Users\dmytr\.m2\repository\javax\xml\bind\jaxb-api\2.3.0\jaxb-api-2.3.0.jar;C:\Users\dmytr\.m2\repository\org\springframework\spring-context\4.3.2.RELEASE\spring-context-4.3.2.RELEASE.jar;C:\Users\dmytr\.m2\repository\org\springframework\spring-aop\4.3.2.RELEASE\spring-aop-4.3.2.RELEASE.jar;C:\Users\dmytr\.m2\repository\org\springframework\spring-expression\4.3.2.RELEASE\spring-expression-4.3.2.RELEASE.jar;C:\Users\dmytr\.m2\repository\org\aspectj\aspectjweaver\1.6.5\aspectjweaver-1.6.5.jar;C:\Users\dmytr\.m2\repository\org\springframework\spring-beans\4.3.2.RELEASE\spring-beans-4.3.2.RELEASE.jar;C:\Users\dmytr\.m2\repository\org\apache\logging\log4j\log4j-core\2.6.2\log4j-core-2.6.2.jar;C:\Users\dmytr\.m2\repository\org\apache\logging\log4j\log4j-api\2.6.2\log4j-api-2.6.2.jar;C:\Users\dmytr\.m2\repository\junit\junit\4.12\junit-4.12.jar;C:\Users\dmytr\.m2\repository\com\fasterxml\jackson\core\jackson-databind\2.0.2\jackson-databind-2.0.2.jar;C:\Users\dmytr\.m2\repository\com\fasterxml\jackson\core\jackson-annotations\2.0.2\jackson-annotations-2.0.2.jar;C:\Users\dmytr\.m2\repository\com\fasterxml\jackson\core\jackson-core\2.0.2\jackson-core-2.0.2.jar;C:\Users\dmytr\.m2\repository\org\apache\maven\plugins\maven-surefire-report-plugin\2.19.1\maven-surefire-report-plugin-2.19.1.jar;C:\Users\dmytr\.m2\repository\org\apache\maven\maven-project\2.2.1\maven-project-2.2.1.jar;C:\Users\dmytr\.m2\repository\org\apache\maven\maven-settings\2.2.1\maven-settings-2.2.1.jar;C:\Users\dmytr\.m2\repository\org\apache\maven\maven-profile\2.2.1\maven-profile-2.2.1.jar;C:\Users\dmytr\.m2\repository\org\apache\maven\maven-artifact-manager\2.2.1\maven-artifact-manager-2.2.1.jar;C:\Users\dmytr\.m2\repository\backport-util-concurrent\backport-util-concurrent\3.1\backport-util-concurrent-3.1.jar;C:\Users\dmytr\.m2\repository\org\apache\maven\maven-plugin-registry\2.2.1\maven-plugin-registry-2.2.1.jar;C:\Users\dmytr\.m2\repository\org\codehaus\plexus\plexus-interpolation\1.11\plexus-interpolation-1.11.jar;C:\Users\dmytr\.m2\repository\org\codehaus\plexus\plexus-container-default\1.0-alpha-9-stable-1\plexus-container-default-1.0-alpha-9-stable-1.jar;C:\Users\dmytr\.m2\repository\classworlds\classworlds\1.1-alpha-2\classworlds-1.1-alpha-2.jar;C:\Users\dmytr\.m2\repository\org\apache\maven\maven-model\2.2.1\maven-model-2.2.1.jar;C:\Users\dmytr\.m2\repository\org\apache\maven\maven-plugin-api\2.2.1\maven-plugin-api-2.2.1.jar;C:\Users\dmytr\.m2\repository\org\apache\maven\surefire\surefire-report-parser\2.19.1\surefire-report-parser-2.19.1.jar;C:\Users\dmytr\.m2\repository\org\apache\maven\reporting\maven-reporting-api\3.0\maven-reporting-api-3.0.jar;C:\Users\dmytr\.m2\repository\org\apache\maven\reporting\maven-reporting-impl\2.4\maven-reporting-impl-2.4.jar;C:\Users\dmytr\.m2\repository\org\apache\maven\doxia\doxia-core\1.6\doxia-core-1.6.jar;C:\Users\dmytr\.m2\repository\xerces\xercesImpl\2.9.1\xercesImpl-2.9.1.jar;C:\Users\dmytr\.m2\repository\xmlunit\xmlunit\1.5\xmlunit-1.5.jar;C:\Users\dmytr\.m2\repository\commons-validator\commons-validator\1.4.1\commons-validator-1.4.1.jar;C:\Users\dmytr\.m2\repository\commons-digester\commons-digester\1.8.1\commons-digester-1.8.1.jar;C:\Users\dmytr\.m2\repository\org\apache\maven\doxia\doxia-sink-api\1.6\doxia-sink-api-1.6.jar;C:\Users\dmytr\.m2\repository\org\apache\maven\doxia\doxia-logging-api\1.6\doxia-logging-api-1.6.jar;C:\Users\dmytr\.m2\repository\org\apache\maven\doxia\doxia-site-renderer\1.6\doxia-site-renderer-1.6.jar;C:\Users\dmytr\.m2\repository\org\apache\maven\doxia\doxia-decoration-model\1.6\doxia-decoration-model-1.6.jar;C:\Users\dmytr\.m2\repository\org\apache\maven\doxia\doxia-module-xhtml\1.6\doxia-module-xhtml-1.6.jar;C:\Users\dmytr\.m2\repository\org\apache\maven\doxia\doxia-module-fml\1.6\doxia-module-fml-1.6.jar;C:\Users\dmytr\.m2\repository\org\codehaus\plexus\plexus-i18n\1.0-beta-7\plexus-i18n-1.0-beta-7.jar;C:\Users\dmytr\.m2\repository\org\codehaus\plexus\plexus-velocity\1.1.7\plexus-velocity-1.1.7.jar;C:\Users\dmytr\.m2\repository\org\apache\velocity\velocity-tools\2.0\velocity-tools-2.0.jar;C:\Users\dmytr\.m2\repository\commons-chain\commons-chain\1.1\commons-chain-1.1.jar;C:\Users\dmytr\.m2\repository\dom4j\dom4j\1.1\dom4j-1.1.jar;C:\Users\dmytr\.m2\repository\sslext\sslext\1.2-0\sslext-1.2-0.jar;C:\Users\dmytr\.m2\repository\org\apache\struts\struts-core\1.3.8\struts-core-1.3.8.jar;C:\Users\dmytr\.m2\repository\antlr\antlr\2.7.2\antlr-2.7.2.jar;C:\Users\dmytr\.m2\repository\org\apache\struts\struts-taglib\1.3.8\struts-taglib-1.3.8.jar;C:\Users\dmytr\.m2\repository\org\apache\struts\struts-tiles\1.3.8\struts-tiles-1.3.8.jar;C:\Users\dmytr\.m2\repository\commons-collections\commons-collections\3.2.1\commons-collections-3.2.1.jar;C:\Users\dmytr\.m2\repository\org\codehaus\plexus\plexus-component-annotations\1.5.5\plexus-component-annotations-1.5.5.jar;C:\Users\dmytr\.m2\repository\org\codehaus\plexus\plexus-utils\3.0.15\plexus-utils-3.0.15.jar;C:\Users\dmytr\.m2\repository\org\apache\maven\shared\maven-shared-utils\0.9\maven-shared-utils-0.9.jar;C:\Users\dmytr\.m2\repository\org\apache\maven\plugins\maven-surefire-plugin\2.19.1\maven-surefire-plugin-2.19.1.jar;C:\Users\dmytr\.m2\repository\org\apache\maven\surefire\maven-surefire-common\2.19.1\maven-surefire-common-2.19.1.jar;C:\Users\dmytr\.m2\repository\org\apache\maven\surefire\surefire-booter\2.19.1\surefire-booter-2.19.1.jar;C:\Users\dmytr\.m2\repository\org\apache\maven\maven-plugin-descriptor\2.2.1\maven-plugin-descriptor-2.2.1.jar;C:\Users\dmytr\.m2\repository\org\apache\maven\surefire\surefire-api\2.19.1\surefire-api-2.19.1.jar;C:\Users\dmytr\.m2\repository\org\apache\maven\maven-toolchain\2.2.1\maven-toolchain-2.2.1.jar;C:\Users\dmytr\.m2\repository\org\seleniumhq\selenium\selenium-support\3.7.1\selenium-support-3.7.1.jar;C:\Users\dmytr\.m2\repository\org\seleniumhq\selenium\selenium-chrome-driver\3.7.1\selenium-chrome-driver-3.7.1.jar;C:\Users\dmytr\.m2\repository\org\seleniumhq\selenium\selenium-ie-driver\3.7.1\selenium-ie-driver-3.7.1.jar;C:\Users\dmytr\.m2\repository\io\qameta\allure\allure-java-commons\2.8.1\allure-java-commons-2.8.1.jar;C:\Users\dmytr\.m2\repository\io\qameta\allure\allure-model\2.8.1\allure-model-2.8.1.jar;C:\Users\dmytr\.m2\repository\org\apache\tika\tika-core\1.19.1\tika-core-1.19.1.jar;C:\Users\dmytr\.m2\repository\org\aspectj\aspectjrt\1.9.1\aspectjrt-1.9.1.jar;C:\Users\dmytr\.m2\repository\org\jooq\joor-java-8\0.9.9\joor-java-8-0.9.9.jar;C:\Users\dmytr\.m2\repository\org\slf4j\slf4j-api\1.7.25\slf4j-api-1.7.25.jar;C:\Users\dmytr\.m2\repository\io\qameta\allure\allure-junit4\2.8.1\allure-junit4-2.8.1.jar;C:\Users\dmytr\.m2\repository\org\slf4j\slf4j-simple\1.7.25\slf4j-simple-1.7.25.jar;C:\Users\dmytr\.m2\repository\com\tngtech\java\junit-dataprovider\1.12.0\junit-dataprovider-1.12.0.jar;C:\Users\dmytr\.m2\repository\io\qameta\allure\allure-attachments\2.8.1\allure-attachments-2.8.1.jar;C:\Users\dmytr\.m2\repository\org\freemarker\freemarker\2.3.28\freemarker-2.3.28.jar;C:\Users\dmytr\.m2\repository\io\qameta\allure\allure-generator\2.8.1\allure-generator-2.8.1.jar;C:\Users\dmytr\.m2\repository\com\fasterxml\jackson\dataformat\jackson-dataformat-xml\2.9.6\jackson-dataformat-xml-2.9.6.jar;C:\Users\dmytr\.m2\repository\com\fasterxml\jackson\module\jackson-module-jaxb-annotations\2.9.6\jackson-module-jaxb-annotations-2.9.6.jar;C:\Users\dmytr\.m2\repository\org\codehaus\woodstox\stax2-api\3.1.4\stax2-api-3.1.4.jar;C:\Users\dmytr\.m2\repository\com\fasterxml\woodstox\woodstox-core\5.0.3\woodstox-core-5.0.3.jar;C:\Users\dmytr\.m2\repository\com\fasterxml\jackson\dataformat\jackson-dataformat-yaml\2.9.6\jackson-dataformat-yaml-2.9.6.jar;C:\Users\dmytr\.m2\repository\io\qameta\allure\allure-plugin-api\2.8.1\allure-plugin-api-2.8.1.jar;C:\Users\dmytr\.m2\repository\com\opencsv\opencsv\4.2\opencsv-4.2.jar;C:\Users\dmytr\.m2\repository\org\apache\commons\commons-text\1.3\commons-text-1.3.jar;C:\Users\dmytr\.m2\repository\org\apache\commons\commons-collections4\4.1\commons-collections4-4.1.jar;C:\Users\dmytr\.m2\repository\com\vladsch\flexmark\flexmark\0.34.8\flexmark-0.34.8.jar;C:\Users\dmytr\.m2\repository\com\vladsch\flexmark\flexmark-util\0.34.8\flexmark-util-0.34.8.jar;C:\Users\dmytr\.m2\repository\io\qameta\allure\allure2-model-api\1.0.0\allure2-model-api-1.0.0.jar;C:\Users\dmytr\.m2\repository\io\qameta\allure\allure2-model-pojo\1.0.0\allure2-model-pojo-1.0.0.jar;C:\Users\dmytr\.m2\repository\io\qameta\allure\allure2-model-jackson\1.0.0\allure2-model-jackson-1.0.0.jar;C:\Users\dmytr\.m2\repository\org\allurefw\allure1-model\1.0\allure1-model-1.0.jar;C:\Users\dmytr\.m2\repository\ru\qatools\commons\properties\2.0.RC5\properties-2.0.RC5.jar;C:\Users\dmytr\.m2\repository\com\github\baev\jaxb-utils\1.0\jaxb-utils-1.0.jar;C:\Users\dmytr\.m2\repository\io\qameta\allure\allure-maven\2.9\allure-maven-2.9.jar;C:\Users\dmytr\.m2\repository\org\apache\maven\maven-core\3.3.9\maven-core-3.3.9.jar;C:\Users\dmytr\.m2\repository\org\apache\maven\maven-settings-builder\3.3.9\maven-settings-builder-3.3.9.jar;C:\Users\dmytr\.m2\repository\org\apache\maven\maven-builder-support\3.3.9\maven-builder-support-3.3.9.jar;C:\Users\dmytr\.m2\repository\org\apache\maven\maven-repository-metadata\3.3.9\maven-repository-metadata-3.3.9.jar;C:\Users\dmytr\.m2\repository\org\apache\maven\maven-model-builder\3.3.9\maven-model-builder-3.3.9.jar;C:\Users\dmytr\.m2\repository\org\eclipse\sisu\org.eclipse.sisu.plexus\0.3.2\org.eclipse.sisu.plexus-0.3.2.jar;C:\Users\dmytr\.m2\repository\javax\enterprise\cdi-api\1.0\cdi-api-1.0.jar;C:\Users\dmytr\.m2\repository\javax\annotation\jsr250-api\1.0\jsr250-api-1.0.jar;C:\Users\dmytr\.m2\repository\org\eclipse\sisu\org.eclipse.sisu.inject\0.3.2\org.eclipse.sisu.inject-0.3.2.jar;C:\Users\dmytr\.m2\repository\com\google\inject\guice\4.0\guice-4.0-no_aop.jar;C:\Users\dmytr\.m2\repository\javax\inject\javax.inject\1\javax.inject-1.jar;C:\Users\dmytr\.m2\repository\aopalliance\aopalliance\1.0\aopalliance-1.0.jar;C:\Users\dmytr\.m2\repository\org\codehaus\plexus\plexus-classworlds\2.5.2\plexus-classworlds-2.5.2.jar;C:\Users\dmytr\.m2\repository\org\sonatype\plexus\plexus-sec-dispatcher\1.3\plexus-sec-dispatcher-1.3.jar;C:\Users\dmytr\.m2\repository\org\sonatype\plexus\plexus-cipher\1.4\plexus-cipher-1.4.jar;C:\Users\dmytr\.m2\repository\commons-beanutils\commons-beanutils\1.9.3\commons-beanutils-1.9.3.jar;C:\Users\dmytr\.m2\repository\net\lingala\zip4j\zip4j\1.3.2\zip4j-1.3.2.jar;C:\Users\dmytr\.m2\repository\ru\yandex\qatools\ashot\ashot\1.5.4\ashot-1.5.4.jar;C:\Users\dmytr\.m2\repository\org\apache\maven\plugin-tools\maven-plugin-annotations\3.6.0\maven-plugin-annotations-3.6.0.jar;C:\Users\dmytr\.m2\repository\org\apache\maven\maven-artifact\3.0\maven-artifact-3.0.jar;C:\Users\dmytr\.m2\repository\org\apache\maven\plugins\maven-jxr-plugin\2.5\maven-jxr-plugin-2.5.jar;C:\Users\dmytr\.m2\repository\org\apache\velocity\velocity\1.5\velocity-1.5.jar;C:\Users\dmytr\.m2\repository\commons-lang\commons-lang\2.1\commons-lang-2.1.jar;C:\Users\dmytr\.m2\repository\oro\oro\2.0.8\oro-2.0.8.jar;C:\Users\dmytr\.m2\repository\org\apache\maven\maven-jxr\2.5\maven-jxr-2.5.jar;C:\Users\dmytr\.m2\repository\org\apache\maven\wagon\wagon-provider-api\1.0\wagon-provider-api-1.0.jar;C:\Users\dmytr\.m2\repository\xml-apis\xml-apis\1.0.b2\xml-apis-1.0.b2.jar;C:\Users\dmytr\.m2\repository\xalan\xalan\2.7.0\xalan-2.7.0.jar;C:\Users\dmytr\.m2\repository\ru\yandex\qatools\allure\allure-maven-plugin\2.6\allure-maven-plugin-2.6.jar;C:\Users\dmytr\.m2\repository\log4j\log4j\1.2.17\log4j-1.2.17.jar;C:\Users\dmytr\.m2\repository\org\slf4j\slf4j-nop\1.7.13\slf4j-nop-1.7.13.jar;"/>
    <property name="sun.cpu.endian" value="little"/>
    <property name="user.home" value="C:\Users\dmytr"/>
    <property name="user.language" value="en"/>
    <property name="java.specification.vendor" value="Oracle Corporation"/>
    <property name="java.home" value="C:\Program Files\Java\jdk-9.0.1"/>
    <property name="file.separator" value="\"/>
    <property name="basedir" value="C:\Programms\GitHub\TestWriter\TestWriter"/>
    <property name="java.vm.compressedOopsMode" value="Zero based"/>
    <property name="line.separator" value="&#10;"/>
    <property name="java.vm.specification.vendor" value="Oracle Corporation"/>
    <property name="java.specification.name" value="Java Platform API Specification"/>
    <property name="java.awt.graphicsenv" value="sun.awt.Win32GraphicsEnvironment"/>
    <property name="surefire.real.class.path" value="C:\Users\dmytr\AppData\Local\Temp\surefire17565378444919825256\surefirebooter6713518681169290518.jar"/>
    <property name="user.script" value=""/>
    <property name="sun.management.compiler" value="HotSpot 64-Bit Tiered Compilers"/>
    <property name="java.runtime.version" value="9.0.1+11"/>
    <property name="user.name" value="dmytr"/>
    <property name="path.separator" value=";"/>
    <property name="os.version" value="10.0"/>
    <property name="java.runtime.name" value="Java(TM) SE Runtime Environment"/>
    <property name="file.encoding" value="Cp1252"/>
    <property name="java.vm.name" value="Java HotSpot(TM) 64-Bit Server VM"/>
    <property name="localRepository" value="C:\Users\dmytr\.m2\repository"/>
    <property name="java.vendor.url.bug" value="http://bugreport.java.com/bugreport/"/>
    <property name="java.io.tmpdir" value="C:\Users\dmytr\AppData\Local\Temp\"/>
    <property name="java.version" value="9.0.1"/>
    <property name="user.dir" value="C:\Programms\GitHub\TestWriter\TestWriter"/>
    <property name="os.arch" value="amd64"/>
    <property name="webdriver.gecko.driver" value="C://Programms/geckodriver.exe"/>
    <property name="java.vm.specification.name" value="Java Virtual Machine Specification"/>
    <property name="java.awt.printerjob" value="sun.awt.windows.WPrinterJob"/>
    <property name="sun.os.patch.level" value=""/>
    <property name="java.library.path" value="C:\Program Files\Java\jdk-9.0.1\bin;C:\WINDOWS\Sun\Java\bin;C:\WINDOWS\system32;C:\WINDOWS;C:\ProgramData\Oracle\Java\javapath;C:\WINDOWS\system32;C:\WINDOWS;C:\WINDOWS\System32\Wbem;C:\WINDOWS\System32\WindowsPowerShell\v1.0\;C:\Program Files\dotnet\;C:\Program Files\Microsoft SQL Server\130\Tools\Binn\;C:\Program Files (x86)\Microsoft SQL Server\Client SDK\ODBC\130\Tools\Binn\;C:\Program Files (x86)\Microsoft SQL Server\140\Tools\Binn\;C:\Program Files (x86)\Microsoft SQL Server\140\DTS\Binn\;C:\Program Files (x86)\Microsoft SQL Server\140\Tools\Binn\ManagementStudio\;C:\Program Files\Microsoft SQL Server\Client SDK\ODBC\130\Tools\Binn\;C:\Program Files\Microsoft SQL Server\140\Tools\Binn\;C:\Program Files\Microsoft SQL Server\140\DTS\Binn\;C:\Program Files (x86)\Maven\apache-maven-3.5.3\bin;C:\Programms\Vip_Writerss\allure-2.6.0\bin;C:\Programms\Vip_Writerss\maven;C:\Users\dmytr\AppData\Local\GitHubDesktop\app-1.3.2\resources\app\git\cmd;C:\Program Files\PuTTY\;C:\Program Files\Git\cmd;C:\WINDOWS\System32\OpenSSH\;C:\Program Files (x86)\allure2-2.8.1\bin;C:\Program Files (x86)\Yarn\bin;C:\Program Files\nodejs\;C:\Users\dmytr\AppData\Local\Microsoft\WindowsApps;C:\Programms\Vip_Writerss;C:\Users\dmytr\AppData\Local\GitHubDesktop\bin;C:\Users\dmytr\AppData\Local\Microsoft\WindowsApps;C:\Users\dmytr\AppData\Local\Yarn\bin;C:\Users\dmytr\AppData\Roaming\npm;."/>
    <property name="java.vm.info" value="mixed mode"/>
    <property name="java.vendor" value="Oracle Corporation"/>
    <property name="java.vm.version" value="9.0.1+11"/>
    <property name="sun.io.unicode.encoding" value="UnicodeLittle"/>
    <property name="java.class.version" value="53.0"/>
  </properties>
  <testcase name="Loginuser" classname="com.vipwriters.LoginTest" time="89.316">
    <failure message="expected:&lt;Available Orders[123]&gt; but was:&lt;Available Orders[]&gt;" type="junit.framework.ComparisonFailure"><![CDATA[junit.framework.ComparisonFailure: expected:<Available Orders[123]> but was:<Available Orders[]>
	at com.vipwriters.LoginTest.Loginuser(LoginTest.java:114)
]]></failure>
    <system-out><![CDATA[Test starts: Loginuser(com.vipwriters.LoginTest)
Screenclass com.vipwriters.LoginTest
]]></system-out>
    <system-err><![CDATA[1550150076174	mozrunner::runner	INFO	Running command: "C:\\Program Files (x86)\\Mozilla Firefox\\firefox.exe" "-marionette" "-foreground" "-no-remote" "-profile" "C:\\Users\\dmytr\\AppData\\Local\\Temp\\rust_mozprofile.0UTKe3dCdFzc"
1550150079784	addons.webextension.screenshots@mozilla.org	WARN	Loading extension 'screenshots@mozilla.org': Reading manifest: Invalid host permission: resource://pdf.js/
1550150079786	addons.webextension.screenshots@mozilla.org	WARN	Loading extension 'screenshots@mozilla.org': Reading manifest: Invalid host permission: about:reader*
1550150090365	Marionette	INFO	Listening on port 54566
1550150090706	Marionette	WARN	TLS certificate errors will be ignored for this session
Feb 14, 2019 3:14:51 PM org.openqa.selenium.remote.ProtocolHandshake createSession
INFO: Detected dialect: W3C
console.error: BroadcastService: 
  receivedBroadcastMessage: handler for
  remote-settings/monitor_changes
  threw error:
  Message: Error: Polling for changes failed: NetworkError when attempting to fetch resource..
  Stack:
    remoteSettingsFunction/remoteSettings.pollChanges@resource://services-settings/remote-settings.js:188:13

1550150138684	Marionette	INFO	Stopped listening on port 54566
[Child 4572, Chrome_ChildThread] WARNING: pipe error: 109: file z:/build/build/src/ipc/chromium/src/chrome/common/ipc_channel_win.cc, line 332
[[Child 6504, Chrome_ChildThread] WARNING: pipe error: 109: file z:/build/build/src/ipc/chromium/src/chrome/common/ipc_channel_win.cc, line 332
[Child 6504, Chrome_ChildThread] WARNING: pipe error: 109: file z:/build/bu
###!!! [Child][RunMessage] Error: Channel closing: too late to send/recv, messages will be lost

[GPU 13292, Chrome_ChildThread] WARNIN
###!!! [Child][MessageChannel::SendAndWait] Error: Channel error: cannot send/recv

]]></system-err>
  </testcase>
  <testcase name="Loginuserasd123testTest" classname="com.vipwriters.LoginTest" time="80.693">
    <failure message="expected:&lt;Available Orders[123]&gt; but was:&lt;Available Orders[]&gt;" type="junit.framework.ComparisonFailure"><![CDATA[junit.framework.ComparisonFailure: expected:<Available Orders[123]> but was:<Available Orders[]>
	at com.vipwriters.LoginTest.Loginuserasd123testTest(LoginTest.java:85)
]]></failure>
    <system-out><![CDATA[Test starts: Loginuserasd123testTest(com.vipwriters.LoginTest)
Screenclass com.vipwriters.LoginTest
]]></system-out>
    <system-err><![CDATA[1550150076203	mozrunner::runner	INFO	Running command: "C:\\Program Files (x86)\\Mozilla Firefox\\firefox.exe" "-marionette" "-foreground" "-no-remote" "-profile" "C:\\Users\\dmytr\\AppData\\Local\\Temp\\rust_mozprofile.jyC5gEREpsCD"
1550150079620	addons.webextension.screenshots@mozilla.org	WARN	Loading extension 'screenshots@mozilla.org': Reading manifest: Invalid host permission: resource://pdf.js/
1550150079621	addons.webextension.screenshots@mozilla.org	WARN	Loading extension 'screenshots@mozilla.org': Reading manifest: Invalid host permission: about:reader*
1550150100546	Marionette	INFO	Listening on port 54565
1550150100917	Marionette	WARN	TLS certificate errors will be ignored for this session
Feb 14, 2019 3:15:01 PM org.openqa.selenium.remote.ProtocolHandshake createSession
INFO: Detected dialect: W3C
console.error: BroadcastService: 
  receivedBroadcastMessage: handler for
  remote-settings/monitor_changes
  threw error:
  Message: Error: Polling for changes failed: NetworkError when attempting to fetch resource..
  Stack:
    remoteSettingsFunction/remoteSettings.pollChanges@resource://services-settings/remote-settings.js:188:13

1550150137451	Marionette	INFO	Stopped listening on port 54565
*** UTM:SVC TimerManager:registerTimer called after profile-before-change notification. Ignoring timer registration for id: telemetry_modules_ping

###!!! [Child][RunMessage] Error: Channel closing: too late to send/recv, messages will be lost

[GPU 6172, Chrome_ChildThread] WARNING: pipe error: 109: file z:/build/build/src/ipc/chromium/src/chrome/common/i
###!!! [Child][MessageChannel::SendAndWait] Error: Channel error: cannot send/recv

]]></system-err>
  </testcase>
</testsuite>