<?xml version="1.0" encoding="UTF-8"?>
<testsuite xmlns:xsi="http://www.w3.org/2001/XMLSchema-instance" xsi:schemaLocation="https://maven.apache.org/surefire/maven-surefire-plugin/xsd/surefire-test-report.xsd" name="com.vipwriters.LoginTest" time="71.578" tests="2" errors="0" skipped="0" failures="2">
  <properties>
    <property name="java.runtime.name" value="Java(TM) SE Runtime Environment"/>
    <property name="java.vm.version" value="9.0.1+11"/>
    <property name="sun.boot.library.path" value="C:\Program Files\Java\jdk-9.0.1\bin"/>
    <property name="maven.multiModuleProjectDirectory" value="C:\Programms\GitHub\TestWriter\TestWriter"/>
    <property name="java.vm.vendor" value="Oracle Corporation"/>
    <property name="java.vendor.url" value="http://java.oracle.com/"/>
    <property name="guice.disable.misplaced.annotation.check" value="true"/>
    <property name="path.separator" value=";"/>
    <property name="java.vm.name" value="Java HotSpot(TM) 64-Bit Server VM"/>
    <property name="file.encoding.pkg" value="sun.io"/>
    <property name="sun.os.patch.level" value=""/>
    <property name="user.script" value=""/>
    <property name="user.country" value="US"/>
    <property name="sun.java.launcher" value="SUN_STANDARD"/>
    <property name="java.vm.specification.name" value="Java Virtual Machine Specification"/>
    <property name="user.dir" value="C:\Programms\GitHub\TestWriter\TestWriter"/>
    <property name="java.vm.compressedOopsMode" value="Zero based"/>
    <property name="java.runtime.version" value="9.0.1+11"/>
    <property name="java.awt.graphicsenv" value="sun.awt.Win32GraphicsEnvironment"/>
    <property name="os.arch" value="amd64"/>
    <property name="java.io.tmpdir" value="C:\Users\dmytr\AppData\Local\Temp\"/>
    <property name="line.separator" value="&#10;"/>
    <property name="java.vm.specification.vendor" value="Oracle Corporation"/>
    <property name="user.variant" value=""/>
    <property name="os.name" value="Windows 10"/>
    <property name="classworlds.conf" value="C:\Program Files (x86)\Maven\apache-maven-3.5.3\bin\..\bin\m2.conf"/>
    <property name="sun.jnu.encoding" value="Cp1252"/>
    <property name="java.library.path" value="C:\Program Files\Java\jdk-9.0.1\bin;C:\WINDOWS\Sun\Java\bin;C:\WINDOWS\system32;C:\WINDOWS;C:\ProgramData\Oracle\Java\javapath;C:\WINDOWS\system32;C:\WINDOWS;C:\WINDOWS\System32\Wbem;C:\WINDOWS\System32\WindowsPowerShell\v1.0\;C:\Program Files\dotnet\;C:\Program Files\Microsoft SQL Server\130\Tools\Binn\;C:\Program Files (x86)\Microsoft SQL Server\Client SDK\ODBC\130\Tools\Binn\;C:\Program Files (x86)\Microsoft SQL Server\140\Tools\Binn\;C:\Program Files (x86)\Microsoft SQL Server\140\DTS\Binn\;C:\Program Files (x86)\Microsoft SQL Server\140\Tools\Binn\ManagementStudio\;C:\Program Files\nodejs\;C:\Program Files\Microsoft SQL Server\Client SDK\ODBC\130\Tools\Binn\;C:\Program Files\Microsoft SQL Server\140\Tools\Binn\;C:\Program Files\Microsoft SQL Server\140\DTS\Binn\;C:\Program Files (x86)\Maven\apache-maven-3.5.3\bin;C:\Programms\Vip_Writerss\allure-2.6.0\bin;C:\Programms\Vip_Writerss\maven;C:\Users\dmytr\AppData\Local\GitHubDesktop\app-1.3.2\resources\app\git\cmd;C:\Program Files\PuTTY\;C:\Program Files\Git\cmd;C:\WINDOWS\System32\OpenSSH\;C:\Program Files (x86)\allure2-2.8.1\bin;C:\Users\dmytr\AppData\Local\Microsoft\WindowsApps;C:\Users\dmytr\AppData\Roaming\npm;C:\Programms\Vip_Writerss;C:\Users\dmytr\AppData\Local\GitHubDesktop\bin;%USERPROFILE%\AppData\Local\Microsoft\WindowsApps;;."/>
    <property name="maven.conf" value="C:\Program Files (x86)\Maven\apache-maven-3.5.3\bin\../conf"/>
    <property name="jdk.debug" value="release"/>
    <property name="java.class.version" value="53.0"/>
    <property name="java.specification.name" value="Java Platform API Specification"/>
    <property name="sun.management.compiler" value="HotSpot 64-Bit Tiered Compilers"/>
    <property name="os.version" value="10.0"/>
    <property name="library.jansi.path" value="C:\Program Files (x86)\Maven\apache-maven-3.5.3\bin\..\lib\jansi-native"/>
    <property name="user.home" value="C:\Users\dmytr"/>
    <property name="user.timezone" value="Europe/Helsinki"/>
    <property name="java.awt.printerjob" value="sun.awt.windows.WPrinterJob"/>
    <property name="file.encoding" value="Cp1252"/>
    <property name="java.specification.version" value="9"/>
    <property name="user.name" value="dmytr"/>
    <property name="java.class.path" value="C:\Program Files (x86)\Maven\apache-maven-3.5.3\bin\..\boot\plexus-classworlds-2.5.2.jar"/>
    <property name="java.vm.specification.version" value="9"/>
    <property name="sun.arch.data.model" value="64"/>
    <property name="sun.java.command" value="org.codehaus.plexus.classworlds.launcher.Launcher clean install"/>
    <property name="java.home" value="C:\Program Files\Java\jdk-9.0.1"/>
    <property name="user.language" value="en"/>
    <property name="java.specification.vendor" value="Oracle Corporation"/>
    <property name="awt.toolkit" value="sun.awt.windows.WToolkit"/>
    <property name="java.vm.info" value="mixed mode"/>
    <property name="java.version" value="9.0.1"/>
    <property name="java.vendor" value="Oracle Corporation"/>
    <property name="sun.stderr.encoding" value="cp437"/>
    <property name="maven.home" value="C:\Program Files (x86)\Maven\apache-maven-3.5.3\bin\.."/>
    <property name="file.separator" value="\"/>
    <property name="java.vendor.url.bug" value="http://bugreport.java.com/bugreport/"/>
    <property name="sun.io.unicode.encoding" value="UnicodeLittle"/>
    <property name="sun.cpu.endian" value="little"/>
    <property name="sun.stdout.encoding" value="cp437"/>
    <property name="sun.desktop" value="windows"/>
    <property name="sun.cpu.isalist" value="amd64"/>
  </properties>
  <testcase name="Loginuser" classname="com.vipwriters.LoginTest" time="37.414">
    <failure message="expected:&lt;Available Orders[123]&gt; but was:&lt;Available Orders[]&gt;" type="junit.framework.ComparisonFailure"><![CDATA[junit.framework.ComparisonFailure: expected:<Available Orders[123]> but was:<Available Orders[]>
	at com.vipwriters.LoginTest.Loginuser(LoginTest.java:97)
]]></failure>
    <system-out><![CDATA[Screenclass com.vipwriters.LoginTest
]]></system-out>
    <system-err><![CDATA[1544889725532	mozrunner::runner	INFO	Running command: "C:\\Program Files (x86)\\Mozilla Firefox\\firefox.exe" "-marionette" "-foreground" "-no-remote" "-profile" "C:\\Users\\dmytr\\AppData\\Local\\Temp\\rust_mozprofile.Idzmw6HrhfLT"
1544889730594	Marionette	INFO	Listening on port 56299
1544889731002	Marionette	WARN	TLS certificate errors will be ignored for this session
Dec 15, 2018 6:02:11 PM org.openqa.selenium.remote.ProtocolHandshake createSession
INFO: Detected dialect: W3C
JavaScript warning: https://www.googletagmanager.com/gtag/js?id=AW-842527783, line 87: unreachable code after return statement
JavaScript warning: https://www.googletagmanager.com/gtag/js?id=AW-842527783, line 147: unreachable code after return statement
JavaScript warning: https://www.googletagmanager.com/gtag/js?id=AW-842527783, line 147: unreachable code after return statement
JavaScript warning: https://www.googletagmanager.com/gtag/js?id=AW-842527783, line 147: unreachable code after return statement
JavaScript warning: https://www.googletagmanager.com/gtag/js?id=AW-842527783, line 87: unreachable code after return statement
JavaScript warning: https://www.googletagmanager.com/gtag/js?id=AW-842527783, line 147: unreachable code after return statement
console.error: BroadcastService: 
  receivedBroadcastMessage: handler for
  remote-settings/monitor_changes
  threw error:
  Message: Error: Polling for changes failed: NetworkError when attempting to fetch resource..
  Stack:
    remoteSettingsFunction/remoteSettings.pollChanges@resource://services-settings/remote-settings.js:721:13

JavaScript warning: https://www.googletagmanager.com/gtag/js?id=AW-842527783, line 87: unreachable code after return statement
JavaScript warning: https://www.googletagmanager.com/gtag/js?id=AW-842527783, line 147: unreachable code after return statement
JavaScript warning: https://www.googletagmanager.com/gtag/js?id=AW-842527783, line 147: unreachable code after return statement
JavaScript warning: https://www.googletagmanager.com/gtag/js?id=AW-842527783, line 147: unreachable code after return statement
JavaScript warning: https://www.googletagmanager.com/gtag/js?id=AW-842527783, line 87: unreachable code after return statement
JavaScript warning: https://www.googletagmanager.com/gtag/js?id=AW-842527783, line 147: unreachable code after return statement
1544889759514	Marionette	INFO	Stopped listening on port 56299
[Child 15912, Chrome_ChildThread] WARNING: pipe error: 109: file z:/build/build/src/ipc/chromium/src/chrome/common/ipc_channel_win.cc, line 346
[Child 15912, Chrome_ChildThread] WARNING: pipe error: 109: file z:/build/build/src/ipc/chromium/src/chrome/common/ipc_channel_win.cc, line 346
[GPU 11648,
###!!! [Child][RunMessage] Error: Channel closing: too late to send/recv, messages will be lost

 Chrome_ChildThread] WARNING: pipe error: 109: file z:/build/build/src/ipc/chromium/src/chrome/common/ipc_channel_win.cc, line 346

###!!! [Child][MessageChannel::SendAndWait] Error: Channel error: cannot send/recv

]]></system-err>
  </testcase>
  <testcase name="Loginuserasd123testTest" classname="com.vipwriters.LoginTest" time="34.162">
    <failure message="expected:&lt;Available Orders[123]&gt; but was:&lt;Available Orders[]&gt;" type="junit.framework.ComparisonFailure"><![CDATA[junit.framework.ComparisonFailure: expected:<Available Orders[123]> but was:<Available Orders[]>
	at com.vipwriters.LoginTest.Loginuserasd123testTest(LoginTest.java:71)
]]></failure>
    <system-out><![CDATA[Screenclass com.vipwriters.LoginTest
]]></system-out>
    <system-err><![CDATA[1544889763204	mozrunner::runner	INFO	Running command: "C:\\Program Files (x86)\\Mozilla Firefox\\firefox.exe" "-marionette" "-foreground" "-no-remote" "-profile" "C:\\Users\\dmytr\\AppData\\Local\\Temp\\rust_mozprofile.ZdfSs7AnPc3j"
1544889768042	Marionette	INFO	Listening on port 56407
1544889768258	Marionette	WARN	TLS certificate errors will be ignored for this session
Dec 15, 2018 6:02:48 PM org.openqa.selenium.remote.ProtocolHandshake createSession
INFO: Detected dialect: W3C
JavaScript warning: https://www.googletagmanager.com/gtag/js?id=AW-842527783, line 87: unreachable code after return statement
JavaScript warning: https://www.googletagmanager.com/gtag/js?id=AW-842527783, line 147: unreachable code after return statement
JavaScript warning: https://www.googletagmanager.com/gtag/js?id=AW-842527783, line 147: unreachable code after return statement
JavaScript warning: https://www.googletagmanager.com/gtag/js?id=AW-842527783, line 147: unreachable code after return statement
JavaScript warning: https://www.googletagmanager.com/gtag/js?id=AW-842527783, line 87: unreachable code after return statement
JavaScript warning: https://www.googletagmanager.com/gtag/js?id=AW-842527783, line 147: unreachable code after return statement
JavaScript warning: https://www.googletagmanager.com/gtag/js?id=AW-842527783, line 87: unreachable code after return statement
JavaScript warning: https://www.googletagmanager.com/gtag/js?id=AW-842527783, line 147: unreachable code after return statement
JavaScript warning: https://www.googletagmanager.com/gtag/js?id=AW-842527783, line 147: unreachable code after return statement
JavaScript warning: https://www.googletagmanager.com/gtag/js?id=AW-842527783, line 147: unreachable code after return statement
JavaScript warning: https://www.googletagmanager.com/gtag/js?id=AW-842527783, line 87: unreachable code after return statement
JavaScript warning: https://www.googletagmanager.com/gtag/js?id=AW-842527783, line 147: unreachable code after return statement
console.error: BroadcastService: 
  receivedBroadcastMessage: handler for
  remote-settings/monitor_changes
  threw error:
  Message: Error: Polling for changes failed: NetworkError when attempting to fetch resource..
  Stack:
    remoteSettingsFunction/remoteSettings.pollChanges@resource://services-settings/remote-settings.js:721:13

1544889794284	Marionette	INFO	Stopped listening on port 56407
[Parent 17240, Gecko_IOThread] WARNING: pipe error: 109: file z:/build/build/src/ipc/chromium/src/chrome/common/ipc_channel_win.cc, line 346
[Child 8460, Chrome_ChildThread] WARNING: pipe error: 109: file z:/build/build/src/ipc/chromium/src/chrome/common/ipc_channel_win.cc, line 346
[Child 8460, Chrome_ChildThread] WARNING: pipe error: 109: file z:/build/build/src/ipc/chromium/src/chrome/common/ipc_channel_win.cc, line 346

###!!! [Child][RunMessage] Error: Channel closing: too late to send/recv, messages will be lost

[GPU 9948, Chrome_ChildThread] WARNING: pipe error: 109: file z:/build/build/src/ipc/chromium/src/chrome/common/ipc_channel_win.cc, line 346

###!!! [Child][MessageChannel::SendAndWait] Error: Channel error: cannot send/recv

]]></system-err>
  </testcase>
</testsuite>