<?xml version="1.0" encoding="UTF-8"?>
<testsuite xmlns:xsi="http://www.w3.org/2001/XMLSchema-instance" xsi:schemaLocation="https://maven.apache.org/surefire/maven-surefire-plugin/xsd/surefire-test-report.xsd" name="com.vipwriters.LoginClientTest" time="0.011" tests="1" errors="1" skipped="0" failures="0">
  <properties>
    <property name="java.runtime.name" value="Java(TM) SE Runtime Environment"/>
    <property name="java.vm.version" value="9.0.1+11"/>
    <property name="sun.boot.library.path" value="C:\Program Files\Java\jdk-9.0.1\bin"/>
    <property name="maven.multiModuleProjectDirectory" value="C:\Programms\GitHub\TestWriter\TestWriter"/>
    <property name="java.vm.vendor" value="Oracle Corporation"/>
    <property name="java.vendor.url" value="http://java.oracle.com/"/>
    <property name="guice.disable.misplaced.annotation.check" value="true"/>
    <property name="path.separator" value=";"/>
    <property name="java.vm.name" value="Java HotSpot(TM) 64-Bit Server VM"/>
    <property name="file.encoding.pkg" value="sun.io"/>
    <property name="sun.os.patch.level" value=""/>
    <property name="user.script" value=""/>
    <property name="user.country" value="US"/>
    <property name="sun.java.launcher" value="SUN_STANDARD"/>
    <property name="java.vm.specification.name" value="Java Virtual Machine Specification"/>
    <property name="user.dir" value="C:\Programms\GitHub\TestWriter\TestWriter"/>
    <property name="java.vm.compressedOopsMode" value="Zero based"/>
    <property name="java.runtime.version" value="9.0.1+11"/>
    <property name="java.awt.graphicsenv" value="sun.awt.Win32GraphicsEnvironment"/>
    <property name="os.arch" value="amd64"/>
    <property name="java.io.tmpdir" value="C:\Users\dmytr\AppData\Local\Temp\"/>
    <property name="line.separator" value="&#10;"/>
    <property name="java.vm.specification.vendor" value="Oracle Corporation"/>
    <property name="user.variant" value=""/>
    <property name="os.name" value="Windows 10"/>
    <property name="classworlds.conf" value="C:\Program Files (x86)\Maven\apache-maven-3.5.3\bin\..\bin\m2.conf"/>
    <property name="sun.jnu.encoding" value="Cp1252"/>
    <property name="java.library.path" value="C:\Program Files\Java\jdk-9.0.1\bin;C:\WINDOWS\Sun\Java\bin;C:\WINDOWS\system32;C:\WINDOWS;C:\ProgramData\Oracle\Java\javapath;C:\WINDOWS\system32;C:\WINDOWS;C:\WINDOWS\System32\Wbem;C:\WINDOWS\System32\WindowsPowerShell\v1.0\;C:\Program Files\dotnet\;C:\Program Files\Microsoft SQL Server\130\Tools\Binn\;C:\Program Files (x86)\Microsoft SQL Server\Client SDK\ODBC\130\Tools\Binn\;C:\Program Files (x86)\Microsoft SQL Server\140\Tools\Binn\;C:\Program Files (x86)\Microsoft SQL Server\140\DTS\Binn\;C:\Program Files (x86)\Microsoft SQL Server\140\Tools\Binn\ManagementStudio\;C:\Program Files\nodejs\;C:\Program Files\Microsoft SQL Server\Client SDK\ODBC\130\Tools\Binn\;C:\Program Files\Microsoft SQL Server\140\Tools\Binn\;C:\Program Files\Microsoft SQL Server\140\DTS\Binn\;C:\Program Files (x86)\Maven\apache-maven-3.5.3\bin;C:\Programms\Vip_Writerss\allure-2.6.0\bin;C:\Programms\Vip_Writerss\maven;C:\Users\dmytr\AppData\Local\GitHubDesktop\app-1.3.2\resources\app\git\cmd;C:\Program Files\PuTTY\;C:\Program Files\Git\cmd;C:\WINDOWS\System32\OpenSSH\;C:\Program Files (x86)\allure2-2.8.1\bin;C:\Users\dmytr\AppData\Local\Microsoft\WindowsApps;C:\Users\dmytr\AppData\Roaming\npm;C:\Programms\Vip_Writerss;C:\Users\dmytr\AppData\Local\GitHubDesktop\bin;%USERPROFILE%\AppData\Local\Microsoft\WindowsApps;;."/>
    <property name="maven.conf" value="C:\Program Files (x86)\Maven\apache-maven-3.5.3\bin\../conf"/>
    <property name="jdk.debug" value="release"/>
    <property name="java.class.version" value="53.0"/>
    <property name="java.specification.name" value="Java Platform API Specification"/>
    <property name="sun.management.compiler" value="HotSpot 64-Bit Tiered Compilers"/>
    <property name="os.version" value="10.0"/>
    <property name="library.jansi.path" value="C:\Program Files (x86)\Maven\apache-maven-3.5.3\bin\..\lib\jansi-native"/>
    <property name="user.home" value="C:\Users\dmytr"/>
    <property name="user.timezone" value="Europe/Helsinki"/>
    <property name="java.awt.printerjob" value="sun.awt.windows.WPrinterJob"/>
    <property name="file.encoding" value="Cp1252"/>
    <property name="java.specification.version" value="9"/>
    <property name="user.name" value="dmytr"/>
    <property name="java.class.path" value="C:\Program Files (x86)\Maven\apache-maven-3.5.3\bin\..\boot\plexus-classworlds-2.5.2.jar"/>
    <property name="java.vm.specification.version" value="9"/>
    <property name="sun.arch.data.model" value="64"/>
    <property name="sun.java.command" value="org.codehaus.plexus.classworlds.launcher.Launcher clean test site"/>
    <property name="java.home" value="C:\Program Files\Java\jdk-9.0.1"/>
    <property name="user.language" value="en"/>
    <property name="java.specification.vendor" value="Oracle Corporation"/>
    <property name="awt.toolkit" value="sun.awt.windows.WToolkit"/>
    <property name="java.vm.info" value="mixed mode"/>
    <property name="java.version" value="9.0.1"/>
    <property name="java.vendor" value="Oracle Corporation"/>
    <property name="sun.stderr.encoding" value="cp437"/>
    <property name="maven.home" value="C:\Program Files (x86)\Maven\apache-maven-3.5.3\bin\.."/>
    <property name="file.separator" value="\"/>
    <property name="java.vendor.url.bug" value="http://bugreport.java.com/bugreport/"/>
    <property name="sun.io.unicode.encoding" value="UnicodeLittle"/>
    <property name="sun.cpu.endian" value="little"/>
    <property name="sun.stdout.encoding" value="cp437"/>
    <property name="sun.desktop" value="windows"/>
    <property name="sun.cpu.isalist" value="amd64"/>
  </properties>
  <testcase name="initializationError" classname="com.vipwriters.LoginClientTest" time="0.007">
    <error message="No runnable methods" type="java.lang.Exception">java.lang.Exception: No runnable methods
</error>
    <system-err><![CDATA[org.aspectj.apache.bcel.classfile.ClassFormatException: Invalid byte tag in constant pool: 18
	at org.aspectj.apache.bcel.classfile.Constant.readConstant(Constant.java:135)
	at org.aspectj.apache.bcel.classfile.ConstantPool.<init>(ConstantPool.java:45)
	at org.aspectj.apache.bcel.classfile.ClassParser.readConstantPool(ClassParser.java:186)
	at org.aspectj.apache.bcel.classfile.ClassParser.parse(ClassParser.java:131)
	at org.aspectj.apache.bcel.util.ClassLoaderRepository.loadClass(ClassLoaderRepository.java:292)
	at org.aspectj.weaver.bcel.BcelWorld.lookupJavaClass(BcelWorld.java:379)
	at org.aspectj.weaver.bcel.BcelWorld.resolveDelegate(BcelWorld.java:362)
	at org.aspectj.weaver.ltw.LTWWorld.resolveDelegate(LTWWorld.java:107)
	at org.aspectj.weaver.World.resolveToReferenceType(World.java:384)
	at org.aspectj.weaver.World.resolve(World.java:278)
	at org.aspectj.weaver.bcel.BcelWeaver.addLibraryAspect(BcelWeaver.java:158)
	at org.aspectj.weaver.loadtime.ClassLoaderWeavingAdaptor.registerAspects(ClassLoaderWeavingAdaptor.java:432)
	at org.aspectj.weaver.loadtime.ClassLoaderWeavingAdaptor.registerDefinitions(ClassLoaderWeavingAdaptor.java:267)
	at org.aspectj.weaver.loadtime.ClassLoaderWeavingAdaptor.initialize(ClassLoaderWeavingAdaptor.java:159)
	at org.aspectj.weaver.loadtime.Aj$ExplicitlyInitializedClassLoaderWeavingAdaptor.initialize(Aj.java:271)
	at org.aspectj.weaver.loadtime.Aj$ExplicitlyInitializedClassLoaderWeavingAdaptor.getWeavingAdaptor(Aj.java:276)
	at org.aspectj.weaver.loadtime.Aj$WeaverContainer.getWeaver(Aj.java:254)
	at org.aspectj.weaver.loadtime.Aj.preProcess(Aj.java:90)
	at org.aspectj.weaver.loadtime.ClassPreProcessorAgentAdapter.transform(ClassPreProcessorAgentAdapter.java:52)
	at java.instrument/java.lang.instrument.ClassFileTransformer.transform(ClassFileTransformer.java:246)
	at java.instrument/sun.instrument.TransformerManager.transform(TransformerManager.java:188)
	at java.instrument/sun.instrument.InstrumentationImpl.transform(InstrumentationImpl.java:550)
	at java.base/jdk.internal.misc.Unsafe.defineClass0(Native Method)
	at java.base/jdk.internal.misc.Unsafe.defineClass(Unsafe.java:1173)
	at java.base/jdk.internal.reflect.ClassDefiner.defineClass(ClassDefiner.java:63)
	at java.base/jdk.internal.reflect.MethodAccessorGenerator$1.run(MethodAccessorGenerator.java:400)
	at java.base/jdk.internal.reflect.MethodAccessorGenerator$1.run(MethodAccessorGenerator.java:394)
	at java.base/java.security.AccessController.doPrivileged(Native Method)
	at java.base/jdk.internal.reflect.MethodAccessorGenerator.generate(MethodAccessorGenerator.java:393)
	at java.base/jdk.internal.reflect.MethodAccessorGenerator.generateSerializationConstructor(MethodAccessorGenerator.java:112)
	at java.base/jdk.internal.reflect.ReflectionFactory.generateConstructor(ReflectionFactory.java:434)
	at java.base/jdk.internal.reflect.ReflectionFactory.newConstructorForSerialization(ReflectionFactory.java:426)
	at java.base/java.io.ObjectStreamClass.getSerializableConstructor(ObjectStreamClass.java:1516)
	at java.base/java.io.ObjectStreamClass.access$1500(ObjectStreamClass.java:81)
	at java.base/java.io.ObjectStreamClass$2.run(ObjectStreamClass.java:509)
	at java.base/java.io.ObjectStreamClass$2.run(ObjectStreamClass.java:484)
	at java.base/java.security.AccessController.doPrivileged(Native Method)
	at java.base/java.io.ObjectStreamClass.<init>(ObjectStreamClass.java:484)
	at java.base/java.io.ObjectStreamClass.lookup(ObjectStreamClass.java:381)
	at java.base/java.io.ObjectStreamClass.lookup(ObjectStreamClass.java:225)
	at org.junit.runner.Result.<clinit>(Result.java:27)
	at org.apache.maven.surefire.junit4.JUnit4Provider.invoke(JUnit4Provider.java:155)
	at org.apache.maven.surefire.booter.ForkedBooter.invokeProviderInSameClassLoader(ForkedBooter.java:286)
	at org.apache.maven.surefire.booter.ForkedBooter.runSuitesInProcess(ForkedBooter.java:240)
	at org.apache.maven.surefire.booter.ForkedBooter.main(ForkedBooter.java:121)
[DelegatingClassLoader@4d02f94e] warning register definition failed -- (ClassFormatException) File: 'io.qameta.allure.aspects.StepsAspects': Invalid byte tag in constant pool: 18
File: 'io.qameta.allure.aspects.StepsAspects': Invalid byte tag in constant pool: 18
org.aspectj.apache.bcel.classfile.ClassFormatException: File: 'io.qameta.allure.aspects.StepsAspects': Invalid byte tag in constant pool: 18
	at org.aspectj.apache.bcel.classfile.ClassParser.readConstantPool(ClassParser.java:192)
	at org.aspectj.apache.bcel.classfile.ClassParser.parse(ClassParser.java:131)
	at org.aspectj.apache.bcel.util.ClassLoaderRepository.loadClass(ClassLoaderRepository.java:292)
	at org.aspectj.weaver.bcel.BcelWorld.lookupJavaClass(BcelWorld.java:379)
	at org.aspectj.weaver.bcel.BcelWorld.resolveDelegate(BcelWorld.java:362)
	at org.aspectj.weaver.ltw.LTWWorld.resolveDelegate(LTWWorld.java:107)
	at org.aspectj.weaver.World.resolveToReferenceType(World.java:384)
	at org.aspectj.weaver.World.resolve(World.java:278)
	at org.aspectj.weaver.bcel.BcelWeaver.addLibraryAspect(BcelWeaver.java:158)
	at org.aspectj.weaver.loadtime.ClassLoaderWeavingAdaptor.registerAspects(ClassLoaderWeavingAdaptor.java:432)
	at org.aspectj.weaver.loadtime.ClassLoaderWeavingAdaptor.registerDefinitions(ClassLoaderWeavingAdaptor.java:267)
	at org.aspectj.weaver.loadtime.ClassLoaderWeavingAdaptor.initialize(ClassLoaderWeavingAdaptor.java:159)
	at org.aspectj.weaver.loadtime.Aj$ExplicitlyInitializedClassLoaderWeavingAdaptor.initialize(Aj.java:271)
	at org.aspectj.weaver.loadtime.Aj$ExplicitlyInitializedClassLoaderWeavingAdaptor.getWeavingAdaptor(Aj.java:276)
	at org.aspectj.weaver.loadtime.Aj$WeaverContainer.getWeaver(Aj.java:254)
	at org.aspectj.weaver.loadtime.Aj.preProcess(Aj.java:90)
	at org.aspectj.weaver.loadtime.ClassPreProcessorAgentAdapter.transform(ClassPreProcessorAgentAdapter.java:52)
	at java.instrument/java.lang.instrument.ClassFileTransformer.transform(ClassFileTransformer.java:246)
	at java.instrument/sun.instrument.TransformerManager.transform(TransformerManager.java:188)
	at java.instrument/sun.instrument.InstrumentationImpl.transform(InstrumentationImpl.java:550)
	at java.base/jdk.internal.misc.Unsafe.defineClass0(Native Method)
	at java.base/jdk.internal.misc.Unsafe.defineClass(Unsafe.java:1173)
	at java.base/jdk.internal.reflect.ClassDefiner.defineClass(ClassDefiner.java:63)
	at java.base/jdk.internal.reflect.MethodAccessorGenerator$1.run(MethodAccessorGenerator.java:400)
	at java.base/jdk.internal.reflect.MethodAccessorGenerator$1.run(MethodAccessorGenerator.java:394)
	at java.base/java.security.AccessController.doPrivileged(Native Method)
	at java.base/jdk.internal.reflect.MethodAccessorGenerator.generate(MethodAccessorGenerator.java:393)
	at java.base/jdk.internal.reflect.MethodAccessorGenerator.generateSerializationConstructor(MethodAccessorGenerator.java:112)
	at java.base/jdk.internal.reflect.ReflectionFactory.generateConstructor(ReflectionFactory.java:434)
	at java.base/jdk.internal.reflect.ReflectionFactory.newConstructorForSerialization(ReflectionFactory.java:426)
	at java.base/java.io.ObjectStreamClass.getSerializableConstructor(ObjectStreamClass.java:1516)
	at java.base/java.io.ObjectStreamClass.access$1500(ObjectStreamClass.java:81)
	at java.base/java.io.ObjectStreamClass$2.run(ObjectStreamClass.java:509)
	at java.base/java.io.ObjectStreamClass$2.run(ObjectStreamClass.java:484)
	at java.base/java.security.AccessController.doPrivileged(Native Method)
	at java.base/java.io.ObjectStreamClass.<init>(ObjectStreamClass.java:484)
	at java.base/java.io.ObjectStreamClass.lookup(ObjectStreamClass.java:381)
	at java.base/java.io.ObjectStreamClass.lookup(ObjectStreamClass.java:225)
	at org.junit.runner.Result.<clinit>(Result.java:27)
	at org.apache.maven.surefire.junit4.JUnit4Provider.invoke(JUnit4Provider.java:155)
	at org.apache.maven.surefire.booter.ForkedBooter.invokeProviderInSameClassLoader(ForkedBooter.java:286)
	at org.apache.maven.surefire.booter.ForkedBooter.runSuitesInProcess(ForkedBooter.java:240)
	at org.apache.maven.surefire.booter.ForkedBooter.main(ForkedBooter.java:121)

]]></system-err>
  </testcase>
</testsuite>