<?xml version="1.0" encoding="UTF-8"?>
<!-- Generated by org.testng.reporters.JUnitReportReporter -->
<testsuite hostname="DESKTOP-6L7S93F" failures="0" tests="1" name="com.vipwriters.LoginClientTest" time="50.769" errors="0" timestamp="13 Dec 2018 15:04:32 GMT" skipped="0">
  <testcase classname="com.vipwriters.LoginClientTest" name="Login1" time="50.769"/>
</testsuite> <!-- com.vipwriters.LoginClientTest -->
